C:\ProgramData\Anaconda3\envs\dgl\python.exe C:/Users/root/PycharmProjects/gae_pytorch/gae/train.py
Using citeseer dataset
Epoch: 0001 train_loss= 1.74548 val_ap= 0.72399 time= 1.14072
Epoch: 0002 train_loss= 1.34410 val_ap= 0.75557 time= 0.29621
Epoch: 0003 train_loss= 1.14837 val_ap= 0.73656 time= 0.30319
Epoch: 0004 train_loss= 0.97629 val_ap= 0.75563 time= 0.49268
Epoch: 0005 train_loss= 0.85064 val_ap= 0.79156 time= 0.33710
Epoch: 0006 train_loss= 0.76571 val_ap= 0.80745 time= 0.30020
Epoch: 0007 train_loss= 0.68372 val_ap= 0.83007 time= 0.31017
Epoch: 0008 train_loss= 0.63149 val_ap= 0.85891 time= 0.30618
Epoch: 0009 train_loss= 0.61601 val_ap= 0.86399 time= 0.30518
Epoch: 0010 train_loss= 0.61530 val_ap= 0.85874 time= 0.30818
Epoch: 0011 train_loss= 0.61822 val_ap= 0.85837 time= 0.31616
Epoch: 0012 train_loss= 0.59426 val_ap= 0.87007 time= 0.31715
Epoch: 0013 train_loss= 0.57047 val_ap= 0.88086 time= 0.33410
Epoch: 0014 train_loss= 0.55595 val_ap= 0.88939 time= 0.35106
Epoch: 0015 train_loss= 0.55100 val_ap= 0.89698 time= 0.35206
Epoch: 0016 train_loss= 0.54601 val_ap= 0.90338 time= 0.34508
Epoch: 0017 train_loss= 0.54029 val_ap= 0.90586 time= 0.36602
Epoch: 0018 train_loss= 0.52590 val_ap= 0.90843 time= 0.35006
Epoch: 0019 train_loss= 0.51293 val_ap= 0.91085 time= 0.33810
Epoch: 0020 train_loss= 0.50518 val_ap= 0.91127 time= 0.38198
Epoch: 0021 train_loss= 0.50269 val_ap= 0.91101 time= 0.37500
Epoch: 0022 train_loss= 0.50101 val_ap= 0.90931 time= 0.35206
Epoch: 0023 train_loss= 0.50193 val_ap= 0.91020 time= 0.34807
Epoch: 0024 train_loss= 0.50001 val_ap= 0.91129 time= 0.35605
Epoch: 0025 train_loss= 0.49243 val_ap= 0.91333 time= 0.35106
Epoch: 0026 train_loss= 0.48350 val_ap= 0.91562 time= 0.34807
Epoch: 0027 train_loss= 0.47783 val_ap= 0.91621 time= 0.35106
Epoch: 0028 train_loss= 0.47622 val_ap= 0.91711 time= 0.35405
Epoch: 0029 train_loss= 0.47750 val_ap= 0.91867 time= 0.35908
Epoch: 0030 train_loss= 0.47716 val_ap= 0.91929 time= 0.37300
Epoch: 0031 train_loss= 0.47443 val_ap= 0.92047 time= 0.35006
Epoch: 0032 train_loss= 0.47011 val_ap= 0.92207 time= 0.35306
Epoch: 0033 train_loss= 0.46662 val_ap= 0.92396 time= 0.35106
Epoch: 0034 train_loss= 0.46469 val_ap= 0.92487 time= 0.36004
Epoch: 0035 train_loss= 0.46429 val_ap= 0.92429 time= 0.33810
Epoch: 0036 train_loss= 0.46438 val_ap= 0.92313 time= 0.35106
Epoch: 0037 train_loss= 0.46374 val_ap= 0.92219 time= 0.36802
Epoch: 0038 train_loss= 0.46218 val_ap= 0.92158 time= 0.34009
Epoch: 0039 train_loss= 0.45934 val_ap= 0.92154 time= 0.35206
Epoch: 0040 train_loss= 0.45726 val_ap= 0.92012 time= 0.35306
Epoch: 0041 train_loss= 0.45679 val_ap= 0.91879 time= 0.37599
Epoch: 0042 train_loss= 0.45623 val_ap= 0.91793 time= 0.37899
Epoch: 0043 train_loss= 0.45637 val_ap= 0.91736 time= 0.41290
Epoch: 0044 train_loss= 0.45558 val_ap= 0.91712 time= 0.38896
Epoch: 0045 train_loss= 0.45426 val_ap= 0.91684 time= 0.37899
Epoch: 0046 train_loss= 0.45297 val_ap= 0.91652 time= 0.36303
Epoch: 0047 train_loss= 0.45138 val_ap= 0.91578 time= 0.35206
Epoch: 0048 train_loss= 0.45095 val_ap= 0.91488 time= 0.34907
Epoch: 0049 train_loss= 0.45115 val_ap= 0.91531 time= 0.36104
Epoch: 0050 train_loss= 0.45083 val_ap= 0.91510 time= 0.34408
Epoch: 0051 train_loss= 0.45034 val_ap= 0.91562 time= 0.35605
Epoch: 0052 train_loss= 0.44897 val_ap= 0.91588 time= 0.35908
Epoch: 0053 train_loss= 0.44859 val_ap= 0.91562 time= 0.34507
Epoch: 0054 train_loss= 0.44785 val_ap= 0.91550 time= 0.34390
Epoch: 0055 train_loss= 0.44729 val_ap= 0.91513 time= 0.34807
Epoch: 0056 train_loss= 0.44724 val_ap= 0.91484 time= 0.34907
Epoch: 0057 train_loss= 0.44711 val_ap= 0.91416 time= 0.34408
Epoch: 0058 train_loss= 0.44638 val_ap= 0.91390 time= 0.35007
Epoch: 0059 train_loss= 0.44563 val_ap= 0.91383 time= 0.36103
Epoch: 0060 train_loss= 0.44519 val_ap= 0.91412 time= 0.35605
Epoch: 0061 train_loss= 0.44489 val_ap= 0.91394 time= 0.35305
Epoch: 0062 train_loss= 0.44467 val_ap= 0.91396 time= 0.49059
Epoch: 0063 train_loss= 0.44409 val_ap= 0.91410 time= 0.39095
Epoch: 0064 train_loss= 0.44417 val_ap= 0.91426 time= 0.36403
Epoch: 0065 train_loss= 0.44336 val_ap= 0.91417 time= 0.42187
Epoch: 0066 train_loss= 0.44274 val_ap= 0.91392 time= 0.34906
Epoch: 0067 train_loss= 0.44240 val_ap= 0.91323 time= 0.36502
Epoch: 0068 train_loss= 0.44216 val_ap= 0.91284 time= 0.36403
Epoch: 0069 train_loss= 0.44194 val_ap= 0.91283 time= 0.40791
Epoch: 0070 train_loss= 0.44142 val_ap= 0.91309 time= 0.35306
Epoch: 0071 train_loss= 0.44102 val_ap= 0.91291 time= 0.39894
Epoch: 0072 train_loss= 0.44098 val_ap= 0.91281 time= 0.35704
Epoch: 0073 train_loss= 0.44061 val_ap= 0.91248 time= 0.35306
Epoch: 0074 train_loss= 0.44039 val_ap= 0.91229 time= 0.37399
Epoch: 0075 train_loss= 0.44031 val_ap= 0.91223 time= 0.38397
Epoch: 0076 train_loss= 0.43973 val_ap= 0.91221 time= 0.35605
Epoch: 0077 train_loss= 0.43978 val_ap= 0.91178 time= 0.35305
Epoch: 0078 train_loss= 0.43915 val_ap= 0.91179 time= 0.34807
Epoch: 0079 train_loss= 0.43914 val_ap= 0.91106 time= 0.32912
Epoch: 0080 train_loss= 0.43873 val_ap= 0.91074 time= 0.39993
Epoch: 0081 train_loss= 0.43823 val_ap= 0.91082 time= 0.38796
Epoch: 0082 train_loss= 0.43848 val_ap= 0.91060 time= 0.38098
Epoch: 0083 train_loss= 0.43798 val_ap= 0.90971 time= 0.37001
Epoch: 0084 train_loss= 0.43766 val_ap= 0.90960 time= 0.37799
Epoch: 0085 train_loss= 0.43743 val_ap= 0.90909 time= 0.35904
Epoch: 0086 train_loss= 0.43740 val_ap= 0.90868 time= 0.35904
Epoch: 0087 train_loss= 0.43726 val_ap= 0.90854 time= 0.37599
Epoch: 0088 train_loss= 0.43705 val_ap= 0.90871 time= 0.34508
Epoch: 0089 train_loss= 0.43682 val_ap= 0.90902 time= 0.38896
Epoch: 0090 train_loss= 0.43668 val_ap= 0.90924 time= 0.35305
Epoch: 0091 train_loss= 0.43679 val_ap= 0.90901 time= 0.41988
Epoch: 0092 train_loss= 0.43623 val_ap= 0.90883 time= 0.39993
Epoch: 0093 train_loss= 0.43597 val_ap= 0.90878 time= 0.40392
Epoch: 0094 train_loss= 0.43607 val_ap= 0.90865 time= 0.43683
Epoch: 0095 train_loss= 0.43580 val_ap= 0.90786 time= 0.39594
Epoch: 0096 train_loss= 0.43566 val_ap= 0.90753 time= 0.38397
Epoch: 0097 train_loss= 0.43558 val_ap= 0.90837 time= 0.37300
Epoch: 0098 train_loss= 0.43519 val_ap= 0.90897 time= 0.38996
Epoch: 0099 train_loss= 0.43503 val_ap= 0.90919 time= 0.36203
Epoch: 0100 train_loss= 0.43518 val_ap= 0.90892 time= 0.33909
Epoch: 0101 train_loss= 0.43490 val_ap= 0.90901 time= 0.35904
Epoch: 0102 train_loss= 0.43470 val_ap= 0.90940 time= 0.35505
Epoch: 0103 train_loss= 0.43459 val_ap= 0.90937 time= 0.35504
Epoch: 0104 train_loss= 0.43427 val_ap= 0.90994 time= 0.38198
Epoch: 0105 train_loss= 0.43415 val_ap= 0.91012 time= 0.33610
Epoch: 0106 train_loss= 0.43412 val_ap= 0.90988 time= 0.33810
Epoch: 0107 train_loss= 0.43361 val_ap= 0.91000 time= 0.34907
Epoch: 0108 train_loss= 0.43371 val_ap= 0.91013 time= 0.36801
Epoch: 0109 train_loss= 0.43331 val_ap= 0.90995 time= 0.34009
Epoch: 0110 train_loss= 0.43328 val_ap= 0.90977 time= 0.35206
Epoch: 0111 train_loss= 0.43320 val_ap= 0.91064 time= 0.35206
Epoch: 0112 train_loss= 0.43290 val_ap= 0.91058 time= 0.33910
Epoch: 0113 train_loss= 0.43290 val_ap= 0.91002 time= 0.34607
Epoch: 0114 train_loss= 0.43280 val_ap= 0.90991 time= 0.33610
Epoch: 0115 train_loss= 0.43247 val_ap= 0.91039 time= 0.35106
Epoch: 0116 train_loss= 0.43232 val_ap= 0.90907 time= 0.35206
Epoch: 0117 train_loss= 0.43227 val_ap= 0.90855 time= 0.34009
Epoch: 0118 train_loss= 0.43189 val_ap= 0.90919 time= 0.35106
Epoch: 0119 train_loss= 0.43182 val_ap= 0.90947 time= 0.34707
Epoch: 0120 train_loss= 0.43148 val_ap= 0.90921 time= 0.34408
Epoch: 0121 train_loss= 0.43146 val_ap= 0.90766 time= 0.36203
Epoch: 0122 train_loss= 0.43125 val_ap= 0.90769 time= 0.35808
Epoch: 0123 train_loss= 0.43124 val_ap= 0.90945 time= 0.35106
Epoch: 0124 train_loss= 0.43122 val_ap= 0.90836 time= 0.35405
Epoch: 0125 train_loss= 0.43087 val_ap= 0.90812 time= 0.34906
Epoch: 0126 train_loss= 0.43063 val_ap= 0.90779 time= 0.33510
Epoch: 0127 train_loss= 0.43050 val_ap= 0.90720 time= 0.35405
Epoch: 0128 train_loss= 0.43031 val_ap= 0.90781 time= 0.33111
Epoch: 0129 train_loss= 0.43043 val_ap= 0.90809 time= 0.33311
Epoch: 0130 train_loss= 0.43006 val_ap= 0.90679 time= 0.35405
Epoch: 0131 train_loss= 0.43006 val_ap= 0.90628 time= 0.34807
Epoch: 0132 train_loss= 0.42988 val_ap= 0.90626 time= 0.34707
Epoch: 0133 train_loss= 0.42960 val_ap= 0.90619 time= 0.34607
Epoch: 0134 train_loss= 0.42978 val_ap= 0.90629 time= 0.34507
Epoch: 0135 train_loss= 0.42953 val_ap= 0.90586 time= 0.35804
Epoch: 0136 train_loss= 0.42951 val_ap= 0.90540 time= 0.39295
Epoch: 0137 train_loss= 0.42954 val_ap= 0.90577 time= 0.36503
Epoch: 0138 train_loss= 0.42926 val_ap= 0.90510 time= 0.35605
Epoch: 0139 train_loss= 0.42908 val_ap= 0.90600 time= 0.35705
Epoch: 0140 train_loss= 0.42897 val_ap= 0.90559 time= 0.40691
Epoch: 0141 train_loss= 0.42895 val_ap= 0.90628 time= 0.36104
Epoch: 0142 train_loss= 0.42889 val_ap= 0.90618 time= 0.34109
Epoch: 0143 train_loss= 0.42872 val_ap= 0.90569 time= 0.35306
Epoch: 0144 train_loss= 0.42859 val_ap= 0.90549 time= 0.37799
Epoch: 0145 train_loss= 0.42845 val_ap= 0.90585 time= 0.33610
Epoch: 0146 train_loss= 0.42844 val_ap= 0.90545 time= 0.35106
Epoch: 0147 train_loss= 0.42833 val_ap= 0.90577 time= 0.34612
Epoch: 0148 train_loss= 0.42845 val_ap= 0.90597 time= 0.39395
Epoch: 0149 train_loss= 0.42818 val_ap= 0.90574 time= 0.50469
Epoch: 0150 train_loss= 0.42809 val_ap= 0.90525 time= 0.34707
Epoch: 0151 train_loss= 0.42810 val_ap= 0.90528 time= 0.40392
Epoch: 0152 train_loss= 0.42782 val_ap= 0.90608 time= 0.41389
Epoch: 0153 train_loss= 0.42784 val_ap= 0.90633 time= 0.37005
Epoch: 0154 train_loss= 0.42778 val_ap= 0.90620 time= 0.35501
Epoch: 0155 train_loss= 0.42786 val_ap= 0.90604 time= 0.36901
Epoch: 0156 train_loss= 0.42774 val_ap= 0.90628 time= 0.35305
Epoch: 0157 train_loss= 0.42754 val_ap= 0.90633 time= 0.33810
Epoch: 0158 train_loss= 0.42771 val_ap= 0.90683 time= 0.34109
Epoch: 0159 train_loss= 0.42760 val_ap= 0.90692 time= 0.36203
Epoch: 0160 train_loss= 0.42727 val_ap= 0.90655 time= 0.35405
Epoch: 0161 train_loss= 0.42711 val_ap= 0.90629 time= 0.34208
Epoch: 0162 train_loss= 0.42727 val_ap= 0.90698 time= 0.36004
Epoch: 0163 train_loss= 0.42719 val_ap= 0.90691 time= 0.34109
Epoch: 0164 train_loss= 0.42731 val_ap= 0.90748 time= 0.34707
Epoch: 0165 train_loss= 0.42700 val_ap= 0.90780 time= 0.35006
Epoch: 0166 train_loss= 0.42684 val_ap= 0.90710 time= 0.33909
Epoch: 0167 train_loss= 0.42687 val_ap= 0.90750 time= 0.33710
Epoch: 0168 train_loss= 0.42672 val_ap= 0.90781 time= 0.35704
Epoch: 0169 train_loss= 0.42686 val_ap= 0.90774 time= 0.34508
Epoch: 0170 train_loss= 0.42660 val_ap= 0.90768 time= 0.33311
Epoch: 0171 train_loss= 0.42665 val_ap= 0.90825 time= 0.33311
Epoch: 0172 train_loss= 0.42654 val_ap= 0.90788 time= 0.35206
Epoch: 0173 train_loss= 0.42638 val_ap= 0.90793 time= 0.33411
Epoch: 0174 train_loss= 0.42641 val_ap= 0.90850 time= 0.35804
Epoch: 0175 train_loss= 0.42631 val_ap= 0.90858 time= 0.34807
Epoch: 0176 train_loss= 0.42612 val_ap= 0.90829 time= 0.35804
Epoch: 0177 train_loss= 0.42632 val_ap= 0.90857 time= 0.33311
Epoch: 0178 train_loss= 0.42615 val_ap= 0.90883 time= 0.36502
Epoch: 0179 train_loss= 0.42593 val_ap= 0.90896 time= 0.34009
Epoch: 0180 train_loss= 0.42601 val_ap= 0.90832 time= 0.34208
Epoch: 0181 train_loss= 0.42601 val_ap= 0.90846 time= 0.35006
Epoch: 0182 train_loss= 0.42605 val_ap= 0.90882 time= 0.33912
Epoch: 0183 train_loss= 0.42577 val_ap= 0.90790 time= 0.34009
Epoch: 0184 train_loss= 0.42591 val_ap= 0.90801 time= 0.33410
Epoch: 0185 train_loss= 0.42579 val_ap= 0.90913 time= 0.34707
Epoch: 0186 train_loss= 0.42569 val_ap= 0.90870 time= 0.34109
Epoch: 0187 train_loss= 0.42583 val_ap= 0.90762 time= 0.36103
Epoch: 0188 train_loss= 0.42548 val_ap= 0.90841 time= 0.37899
Epoch: 0189 train_loss= 0.42567 val_ap= 0.90931 time= 0.38696
Epoch: 0190 train_loss= 0.42544 val_ap= 0.90796 time= 0.34009
Epoch: 0191 train_loss= 0.42523 val_ap= 0.90756 time= 0.36403
Epoch: 0192 train_loss= 0.42522 val_ap= 0.90903 time= 0.34508
Epoch: 0193 train_loss= 0.42521 val_ap= 0.90905 time= 0.35006
Epoch: 0194 train_loss= 0.42492 val_ap= 0.90742 time= 0.33710
Epoch: 0195 train_loss= 0.42489 val_ap= 0.90834 time= 0.34508
Epoch: 0196 train_loss= 0.42482 val_ap= 0.90886 time= 0.34108
Epoch: 0197 train_loss= 0.42477 val_ap= 0.90752 time= 0.33211
Epoch: 0198 train_loss= 0.42472 val_ap= 0.90683 time= 0.36004
Epoch: 0199 train_loss= 0.42472 val_ap= 0.90764 time= 0.33810
Epoch: 0200 train_loss= 0.42455 val_ap= 0.90737 time= 0.34308
Optimization Finished!
Test ROC score: 0.9098128245380993
Test AP score: 0.92832036418976
